1   		: JUDGE 	: wants to enter
2   		: JUDGE 	: enters                 : 0	: 0	: 0
3   		: JUDGE 	: starts confirmation    : 0	: 0	: 0
4   		: IMM 1 	: starts
5   		: JUDGE 	: ends confirmation      : 0	: 0	: 0
6   		: IMM 2 	: starts
7   		: JUDGE 	: leaves                 : 0	: 0	: 0
8   		: IMM 1 	: enters                 : 1	: 0	: 1
9   		: IMM 1 	: checks                 : 1	: 1	: 1
10  		: JUDGE 	: wants to enter
11  		: JUDGE 	: enters                 : 1	: 1	: 1
12  		: JUDGE 	: starts confirmation    : 1	: 1	: 1
13  		: IMM 3 	: starts
14  		: IMM 4 	: starts
15  		: JUDGE 	: ends confirmation      : 0	: 0	: 1
16  		: IMM 1 	: wants certificate      : 0	: 0	: 1
17  		: IMM 5 	: starts
18  		: JUDGE 	: leaves                 : 0	: 0	: 1
19  		: IMM 3 	: enters                 : 1	: 0	: 2
20  		: IMM 3 	: checks                 : 1	: 1	: 2
21  		: IMM 2 	: enters                 : 2	: 1	: 3
22  		: IMM 6 	: starts
23  		: IMM 2 	: checks                 : 2	: 2	: 3
24  		: IMM 4 	: enters                 : 3	: 2	: 4
25  		: IMM 4 	: checks                 : 3	: 3	: 4
26  		: IMM 5 	: enters                 : 4	: 3	: 5
27  		: IMM 5 	: checks                 : 4	: 4	: 5
28  		: IMM 6 	: enters                 : 5	: 4	: 6
29  		: IMM 6 	: checks                 : 5	: 5	: 6
30  		: IMM 1 	: got certificate        : 5	: 5	: 6
31  		: IMM 1 	: leaves                 : 5	: 5	: 5
32  		: JUDGE 	: wants to enter
33  		: JUDGE 	: enters                 : 5	: 5	: 5
34  		: JUDGE 	: starts confirmation    : 5	: 5	: 5
35  		: IMM 7 	: starts
36  		: JUDGE 	: ends confirmation      : 0	: 0	: 5
37  		: IMM 2 	: wants certificate      : 0	: 0	: 5
38  		: IMM 5 	: wants certificate      : 0	: 0	: 5
39  		: IMM 6 	: wants certificate      : 0	: 0	: 5
40  		: IMM 4 	: wants certificate      : 0	: 0	: 5
41  		: IMM 3 	: wants certificate      : 0	: 0	: 5
42  		: IMM 3 	: got certificate        : 0	: 0	: 5
43  		: IMM 8 	: starts
44  		: IMM 5 	: got certificate        : 0	: 0	: 5
45  		: JUDGE 	: leaves                 : 0	: 0	: 5
46  		: IMM 7 	: enters                 : 1	: 0	: 6
47  		: IMM 7 	: checks                 : 1	: 1	: 6
48  		: IMM 3 	: leaves                 : 1	: 1	: 5
49  		: IMM 6 	: got certificate        : 1	: 1	: 5
50  		: IMM 6 	: leaves                 : 1	: 1	: 4
51  		: IMM 5 	: leaves                 : 1	: 1	: 3
52  		: IMM 2 	: got certificate        : 1	: 1	: 3
53  		: IMM 2 	: leaves                 : 1	: 1	: 2
54  		: IMM 8 	: enters                 : 2	: 1	: 3
55  		: IMM 8 	: checks                 : 2	: 2	: 3
56  		: IMM 9 	: starts
57  		: IMM 9 	: enters                 : 3	: 2	: 4
58  		: IMM 9 	: checks                 : 3	: 3	: 4
59  		: JUDGE 	: wants to enter
60  		: JUDGE 	: enters                 : 3	: 3	: 4
61  		: JUDGE 	: starts confirmation    : 3	: 3	: 4
62  		: IMM 10 	: starts
63  		: IMM 4 	: got certificate        : 3	: 3	: 4
64  		: JUDGE 	: ends confirmation      : 0	: 0	: 4
65  		: IMM 9 	: wants certificate      : 0	: 0	: 4
66  		: IMM 8 	: wants certificate      : 0	: 0	: 4
67  		: IMM 7 	: wants certificate      : 0	: 0	: 4
68  		: IMM 9 	: got certificate        : 0	: 0	: 4
69  		: JUDGE 	: leaves                 : 0	: 0	: 4
70  		: IMM 10 	: enters                 : 1	: 0	: 5
71  		: IMM 10 	: checks                 : 1	: 1	: 5
72  		: IMM 4 	: leaves                 : 1	: 1	: 4
73  		: IMM 9 	: leaves                 : 1	: 1	: 3
74  		: IMM 8 	: got certificate        : 1	: 1	: 3
75  		: IMM 8 	: leaves                 : 1	: 1	: 2
76  		: JUDGE 	: wants to enter
77  		: JUDGE 	: enters                 : 1	: 1	: 2
78  		: JUDGE 	: starts confirmation    : 1	: 1	: 2
79  		: IMM 7 	: got certificate        : 1	: 1	: 2
80  		: JUDGE 	: ends confirmation      : 0	: 0	: 2
81  		: IMM 10 	: wants certificate      : 0	: 0	: 2
82  		: JUDGE 	: leaves                 : 0	: 0	: 2
83  		: JUDGE 	: finishes
84  		: IMM 7 	: leaves                 : 0	: 0	: 1
85  		: IMM 10 	: got certificate        : 0	: 0	: 1
86  		: IMM 10 	: leaves                 : 0	: 0	: 0
